
 /----------------------------------------------------------------------------\
 |                                                                            |
 |  yosys -- Yosys Open SYnthesis Suite                                       |
 |                                                                            |
 |  Copyright (C) 2012 - 2019  Clifford Wolf <clifford@clifford.at>           |
 |                                                                            |
 |  Permission to use, copy, modify, and/or distribute this software for any  |
 |  purpose with or without fee is hereby granted, provided that the above    |
 |  copyright notice and this permission notice appear in all copies.         |
 |                                                                            |
 |  THE SOFTWARE IS PROVIDED "AS IS" AND THE AUTHOR DISCLAIMS ALL WARRANTIES  |
 |  WITH REGARD TO THIS SOFTWARE INCLUDING ALL IMPLIED WARRANTIES OF          |
 |  MERCHANTABILITY AND FITNESS. IN NO EVENT SHALL THE AUTHOR BE LIABLE FOR   |
 |  ANY SPECIAL, DIRECT, INDIRECT, OR CONSEQUENTIAL DAMAGES OR ANY DAMAGES    |
 |  WHATSOEVER RESULTING FROM LOSS OF USE, DATA OR PROFITS, WHETHER IN AN     |
 |  ACTION OF CONTRACT, NEGLIGENCE OR OTHER TORTIOUS ACTION, ARISING OUT OF   |
 |  OR IN CONNECTION WITH THE USE OR PERFORMANCE OF THIS SOFTWARE.            |
 |                                                                            |
 \----------------------------------------------------------------------------/

 Yosys 0.9 (git sha1 1979e0b)


yosys> read_liberty -lib ./atf15xx_yosys/cells.lib
1. Executing Liberty frontend.
Imported 102 cell types from liberty file.

yosys> read_verilog busmaster.v

2. Executing Verilog-2005 frontend: busmaster.v
Parsing Verilog input from `busmaster.v' to AST representation.
Warning: Literal has a width of 2 bit, but value requires 4 bit. (busmaster.v:48)
Warning: Literal has a width of 2 bit, but value requires 4 bit. (busmaster.v:54)
Generating RTLIL representation for module `\busmaster'.
Successfully finished Verilog frontend.

yosys> stat

3. Printing statistics.

=== busmaster ===

   Number of wires:                 66
   Number of wire bits:            261
   Number of public wires:          19
   Number of public wire bits:      62
   Number of memories:               0
   Number of memory bits:            0
   Number of processes:              4
   Number of cells:                 29
     $and                            2
     $eq                             2
     $ge                             2
     $le                             2
     $logic_and                      5
     $logic_not                      7
     $ne                             9


yosys> tribuf
4. Executing TRIBUF pass.

yosys> stat

5. Printing statistics.

=== busmaster ===

   Number of wires:                 66
   Number of wire bits:            261
   Number of public wires:          19
   Number of public wire bits:      62
   Number of memories:               0
   Number of memory bits:            0
   Number of processes:              4
   Number of cells:                 29
     $and                            2
     $eq                             2
     $ge                             2
     $le                             2
     $logic_and                      5
     $logic_not                      7
     $ne                             9


yosys> synth -flatten -noabc -top busmaster
6. Executing SYNTH pass.

6.1. Executing HIERARCHY pass (managing design hierarchy).

6.1.1. Analyzing design hierarchy..
Top module:  \busmaster

6.1.2. Analyzing design hierarchy..
Top module:  \busmaster
Removed 0 unused modules.

6.2. Executing PROC pass (convert processes to netlists).

6.2.1. Executing PROC_CLEAN pass (remove empty switches from decision trees).
Cleaned up 0 empty switches.

6.2.2. Executing PROC_RMDEAD pass (remove dead branches from decision trees).
Marked 1 switch rules as full_case in process $proc$busmaster.v:66$36 in module busmaster.
Marked 3 switch rules as full_case in process $proc$busmaster.v:41$15 in module busmaster.
Removed a total of 0 dead cases.

6.2.3. Executing PROC_INIT pass (extract init attributes).

6.2.4. Executing PROC_ARST pass (detect async resets in processes).

6.2.5. Executing PROC_MUX pass (convert decision trees to multiplexers).
Creating decoders for process `\busmaster.$proc$busmaster.v:66$36'.
     1/3: $1\iowait[0:0]
     2/3: $1\iordy[0:0]
     3/3: $1\phi2_s[0:0]
Creating decoders for process `\busmaster.$proc$busmaster.v:41$15'.
     1/20: $3\dev[7:0] [7]
     2/20: $3\dev[7:0] [6]
     3/20: $3\dev[7:0] [5]
     4/20: $3\dev[7:0] [4]
     5/20: $3\dev[7:0] [3]
     6/20: $3\dev[7:0] [2]
     7/20: $3\dev[7:0] [1]
     8/20: $3\dev[7:0] [0]
     9/20: $3\i[31:0]
    10/20: $2\i[31:0]
    11/20: $2\dev[7:0]
    12/20: $1\i[31:0]
    13/20: $1\dev[7:0]
    14/20: $0\i[31:0]
    15/20: $0\dev[7:0]
    16/20: $0\phi2_s[0:0]
    17/20: $0\iowait[0:0]
    18/20: $0\rom[0:0]
    19/20: $0\ram1[0:0]
    20/20: $0\ram0[0:0]
Creating decoders for process `\busmaster.$proc$busmaster.v:33$11'.
     1/1: $0\iordy[0:0]
Creating decoders for process `\busmaster.$proc$busmaster.v:28$9'.
     1/1: $0\phi2[0:0]

6.2.6. Executing PROC_DLATCH pass (convert process syncs to latches).

6.2.7. Executing PROC_DFF pass (convert process syncs to FFs).
Creating register for signal `\busmaster.\phi2_s' using process `\busmaster.$proc$busmaster.v:66$36'.
  created $dff cell `$procdff$177' with negative edge clock.
Creating register for signal `\busmaster.\iordy' using process `\busmaster.$proc$busmaster.v:66$36'.
  created $dff cell `$procdff$178' with negative edge clock.
Creating register for signal `\busmaster.\iowait' using process `\busmaster.$proc$busmaster.v:66$36'.
  created $dff cell `$procdff$179' with negative edge clock.
Creating register for signal `\busmaster.\phi2_s' using process `\busmaster.$proc$busmaster.v:41$15'.
  created $dff cell `$procdff$180' with positive edge clock.
Creating register for signal `\busmaster.\ram0' using process `\busmaster.$proc$busmaster.v:41$15'.
  created $dff cell `$procdff$181' with positive edge clock.
Creating register for signal `\busmaster.\ram1' using process `\busmaster.$proc$busmaster.v:41$15'.
  created $dff cell `$procdff$182' with positive edge clock.
Creating register for signal `\busmaster.\rom' using process `\busmaster.$proc$busmaster.v:41$15'.
  created $dff cell `$procdff$183' with positive edge clock.
Creating register for signal `\busmaster.\dev' using process `\busmaster.$proc$busmaster.v:41$15'.
  created $dff cell `$procdff$184' with positive edge clock.
Creating register for signal `\busmaster.\iowait' using process `\busmaster.$proc$busmaster.v:41$15'.
  created $dff cell `$procdff$185' with positive edge clock.
Creating register for signal `\busmaster.\i' using process `\busmaster.$proc$busmaster.v:41$15'.
  created $dff cell `$procdff$186' with positive edge clock.
Creating register for signal `\busmaster.\iordy' using process `\busmaster.$proc$busmaster.v:33$11'.
  created $dff cell `$procdff$187' with positive edge clock.
Creating register for signal `\busmaster.\phi2' using process `\busmaster.$proc$busmaster.v:28$9'.
  created $dff cell `$procdff$188' with positive edge clock.

6.2.8. Executing PROC_CLEAN pass (remove empty switches from decision trees).
Found and cleaned up 2 empty switches in `\busmaster.$proc$busmaster.v:66$36'.
Removing empty process `busmaster.$proc$busmaster.v:66$36'.
Found and cleaned up 3 empty switches in `\busmaster.$proc$busmaster.v:41$15'.
Removing empty process `busmaster.$proc$busmaster.v:41$15'.
Removing empty process `busmaster.$proc$busmaster.v:33$11'.
Removing empty process `busmaster.$proc$busmaster.v:28$9'.
Cleaned up 5 empty switches.

6.3. Executing FLATTEN pass (flatten design).
No more expansions possible.

6.4. Executing OPT_EXPR pass (perform const folding).
Optimizing module busmaster.
<suppressed ~18 debug messages>

6.5. Executing OPT_CLEAN pass (remove unused cells and wires).
Finding unused cells or wires in module \busmaster..
Removed 8 unused cells and 82 unused wires.
<suppressed ~10 debug messages>

6.6. Executing CHECK pass (checking for obvious problems).
checking module busmaster..
Warning: multiple conflicting drivers for busmaster.\iowait:
    port Q[0] of cell $procdff$179 ($dff)
    port Q[0] of cell $procdff$185 ($dff)
Warning: multiple conflicting drivers for busmaster.\iordy:
    port Q[0] of cell $procdff$178 ($dff)
    port Q[0] of cell $procdff$187 ($dff)
Warning: multiple conflicting drivers for busmaster.\phi2_s:
    port Q[0] of cell $procdff$177 ($dff)
    port Q[0] of cell $procdff$180 ($dff)
found and reported 3 problems.

6.7. Executing OPT pass (performing simple optimizations).

6.7.1. Executing OPT_EXPR pass (perform const folding).
Optimizing module busmaster.

6.7.2. Executing OPT_MERGE pass (detect identical cells).
Finding identical cells in module `\busmaster'.
Removed a total of 0 cells.

6.7.3. Executing OPT_MUXTREE pass (detect dead branches in mux trees).
Running muxtree optimizer on module \busmaster..
  Creating internal representation of mux trees.
  Evaluating internal representation of mux trees.
      Replacing known input bits on port B of cell $procmux$163: \iowait -> 1'1
      Replacing known input bits on port B of cell $procmux$161: \iowait -> 1'0
      Replacing known input bits on port A of cell $procmux$158: \iowait -> 1'0
      Replacing known input bits on port A of cell $procmux$45: \iowait -> 1'0
      Replacing known input bits on port A of cell $procmux$43: \iowait -> 1'1
      Replacing known input bits on port A of cell $procmux$48: \iordy -> 1'0
  Analyzing evaluation results.
    dead port 1/2 on $mux $procmux$100.
    dead port 1/2 on $mux $procmux$107.
    dead port 1/2 on $mux $procmux$109.
    dead port 1/2 on $mux $procmux$116.
    dead port 1/2 on $mux $procmux$118.
    dead port 1/2 on $mux $procmux$125.
    dead port 1/2 on $mux $procmux$127.
    dead port 1/2 on $mux $procmux$148.
    dead port 1/2 on $mux $procmux$62.
    dead port 1/2 on $mux $procmux$64.
    dead port 1/2 on $mux $procmux$71.
    dead port 1/2 on $mux $procmux$73.
    dead port 1/2 on $mux $procmux$80.
    dead port 1/2 on $mux $procmux$82.
    dead port 1/2 on $mux $procmux$89.
    dead port 1/2 on $mux $procmux$91.
    dead port 1/2 on $mux $procmux$98.
Removed 17 multiplexer ports.
<suppressed ~8 debug messages>

6.7.4. Executing OPT_REDUCE pass (consolidate $*mux and $reduce_* inputs).
  Optimizing cells in module \busmaster.
    New ctrl vector for $mux cell $procmux$48: { }
  Optimizing cells in module \busmaster.
Performed a total of 1 changes.

6.7.5. Executing OPT_MERGE pass (detect identical cells).
Finding identical cells in module `\busmaster'.
Removed a total of 0 cells.

6.7.6. Executing OPT_RMDFF pass (remove dff with constant values).
Removing $procdff$178 ($dff) from module busmaster.
Removing $procdff$180 ($dff) from module busmaster.
Removing $procdff$187 ($dff) from module busmaster.
Replaced 3 DFF cells.

6.7.7. Executing OPT_CLEAN pass (remove unused cells and wires).
Finding unused cells or wires in module \busmaster..
Warning: Driver-driver conflict for \phi2_s between cell $procdff$177.Q and constant 1'1 in busmaster: Resolved using constant.
Removed 4 unused cells and 21 unused wires.
<suppressed ~5 debug messages>

6.7.8. Executing OPT_EXPR pass (perform const folding).
Optimizing module busmaster.
<suppressed ~1 debug messages>

6.7.9. Rerunning OPT passes. (Maybe there is more to do..)

6.7.10. Executing OPT_MUXTREE pass (detect dead branches in mux trees).
Running muxtree optimizer on module \busmaster..
  Creating internal representation of mux trees.
  Evaluating internal representation of mux trees.
  Analyzing evaluation results.
Removed 0 multiplexer ports.
<suppressed ~6 debug messages>

6.7.11. Executing OPT_REDUCE pass (consolidate $*mux and $reduce_* inputs).
  Optimizing cells in module \busmaster.
Performed a total of 0 changes.

6.7.12. Executing OPT_MERGE pass (detect identical cells).
Finding identical cells in module `\busmaster'.
Removed a total of 0 cells.

6.7.13. Executing OPT_RMDFF pass (remove dff with constant values).

6.7.14. Executing OPT_CLEAN pass (remove unused cells and wires).
Finding unused cells or wires in module \busmaster..
Removed 0 unused cells and 1 unused wires.
<suppressed ~1 debug messages>

6.7.15. Executing OPT_EXPR pass (perform const folding).
Optimizing module busmaster.

6.7.16. Finished OPT passes. (There is nothing left to do.)

6.8. Executing WREDUCE pass (reducing word size of cells).
Removed top 1 bits (of 3) from port B of cell busmaster.$le$busmaster.v:47$18 ($le).
Removed top 2 bits (of 3) from port B of cell busmaster.$ge$busmaster.v:47$17 ($ge).
Removed top 2 bits (of 3) from port B of cell busmaster.$ne$busmaster.v:58$29 ($ne).
Removed top 1 bits (of 3) from port B of cell busmaster.$ne$busmaster.v:58$30 ($ne).
Removed top 1 bits (of 3) from port B of cell busmaster.$ne$busmaster.v:58$31 ($ne).

6.9. Executing PEEPOPT pass (run peephole optimizers).

6.10. Executing OPT_CLEAN pass (remove unused cells and wires).
Finding unused cells or wires in module \busmaster..

6.11. Executing TECHMAP pass (map to technology primitives).

6.11.1. Executing Verilog-2005 frontend: /usr/bin/../share/yosys/cmp2lut.v
Parsing Verilog input from `/usr/bin/../share/yosys/cmp2lut.v' to AST representation.
Generating RTLIL representation for module `\_90_lut_cmp_'.
Successfully finished Verilog frontend.

6.11.2. Continuing TECHMAP pass.
No more expansions possible.
<suppressed ~228 debug messages>

6.12. Executing ALUMACC pass (create $alu and $macc cells).
Extracting $alu and $macc cells in module busmaster:
  creating $alu model for $ge$busmaster.v:39$12 ($ge): new $alu
  creating $alu model for $ge$busmaster.v:47$17 ($ge): new $alu
  creating $alu model for $le$busmaster.v:39$13 ($le): new $alu
  creating $alu model for $le$busmaster.v:47$18 ($le): new $alu
  creating $alu cell for $le$busmaster.v:47$18: $auto$alumacc.cc:474:replace_alu$193
  creating $alu cell for $le$busmaster.v:39$13: $auto$alumacc.cc:474:replace_alu$206
  creating $alu cell for $ge$busmaster.v:47$17: $auto$alumacc.cc:474:replace_alu$215
  creating $alu cell for $ge$busmaster.v:39$12: $auto$alumacc.cc:474:replace_alu$224
  created 4 $alu and 0 $macc cells.

6.13. Executing SHARE pass (SAT-based resource sharing).

6.14. Executing OPT pass (performing simple optimizations).

6.14.1. Executing OPT_EXPR pass (perform const folding).
Optimizing module busmaster.

6.14.2. Executing OPT_MERGE pass (detect identical cells).
Finding identical cells in module `\busmaster'.
Removed a total of 0 cells.

6.14.3. Executing OPT_MUXTREE pass (detect dead branches in mux trees).
Running muxtree optimizer on module \busmaster..
  Creating internal representation of mux trees.
  Evaluating internal representation of mux trees.
  Analyzing evaluation results.
Removed 0 multiplexer ports.
<suppressed ~6 debug messages>

6.14.4. Executing OPT_REDUCE pass (consolidate $*mux and $reduce_* inputs).
  Optimizing cells in module \busmaster.
    New input vector for $reduce_or cell $auto$alumacc.cc:509:replace_alu$204: { $auto$rtlil.cc:1832:Not$203 $auto$rtlil.cc:1835:ReduceAnd$197 }
    New input vector for $reduce_and cell $auto$alumacc.cc:64:get_eq$196: { $auto$alumacc.cc:490:replace_alu$194 [0] $auto$alumacc.cc:490:replace_alu$194 [1] $auto$alumacc.cc:490:replace_alu$194 [2] }
    New input vector for $reduce_and cell $auto$alumacc.cc:64:get_eq$211: { $auto$alumacc.cc:490:replace_alu$207 [0] $auto$alumacc.cc:490:replace_alu$207 [1] $auto$alumacc.cc:490:replace_alu$207 [2] }
    New input vector for $reduce_and cell $auto$alumacc.cc:64:get_eq$220: { $auto$alumacc.cc:490:replace_alu$216 [0] $auto$alumacc.cc:490:replace_alu$216 [1] $auto$alumacc.cc:490:replace_alu$216 [2] }
    New input vector for $reduce_and cell $auto$alumacc.cc:64:get_eq$227: { $auto$alumacc.cc:490:replace_alu$225 [0] $auto$alumacc.cc:490:replace_alu$225 [1] $auto$alumacc.cc:490:replace_alu$225 [2] }
  Optimizing cells in module \busmaster.
Performed a total of 5 changes.

6.14.5. Executing OPT_MERGE pass (detect identical cells).
Finding identical cells in module `\busmaster'.
Removed a total of 0 cells.

6.14.6. Executing OPT_RMDFF pass (remove dff with constant values).

6.14.7. Executing OPT_CLEAN pass (remove unused cells and wires).
Finding unused cells or wires in module \busmaster..
Removed 0 unused cells and 4 unused wires.
<suppressed ~1 debug messages>

6.14.8. Executing OPT_EXPR pass (perform const folding).
Optimizing module busmaster.

6.14.9. Rerunning OPT passes. (Maybe there is more to do..)

6.14.10. Executing OPT_MUXTREE pass (detect dead branches in mux trees).
Running muxtree optimizer on module \busmaster..
  Creating internal representation of mux trees.
  Evaluating internal representation of mux trees.
  Analyzing evaluation results.
Removed 0 multiplexer ports.
<suppressed ~6 debug messages>

6.14.11. Executing OPT_REDUCE pass (consolidate $*mux and $reduce_* inputs).
  Optimizing cells in module \busmaster.
Performed a total of 0 changes.

6.14.12. Executing OPT_MERGE pass (detect identical cells).
Finding identical cells in module `\busmaster'.
Removed a total of 0 cells.

6.14.13. Executing OPT_RMDFF pass (remove dff with constant values).

6.14.14. Executing OPT_CLEAN pass (remove unused cells and wires).
Finding unused cells or wires in module \busmaster..

6.14.15. Executing OPT_EXPR pass (perform const folding).
Optimizing module busmaster.

6.14.16. Finished OPT passes. (There is nothing left to do.)

6.15. Executing FSM pass (extract and optimize FSM).

6.15.1. Executing FSM_DETECT pass (finding FSMs in design).

6.15.2. Executing FSM_EXTRACT pass (extracting FSM from design).

6.15.3. Executing FSM_OPT pass (simple optimizations of FSMs).

6.15.4. Executing OPT_CLEAN pass (remove unused cells and wires).
Finding unused cells or wires in module \busmaster..

6.15.5. Executing FSM_OPT pass (simple optimizations of FSMs).

6.15.6. Executing FSM_RECODE pass (re-assigning FSM state encoding).

6.15.7. Executing FSM_INFO pass (dumping all available information on FSM cells).

6.15.8. Executing FSM_MAP pass (mapping FSMs to basic logic).

6.16. Executing OPT pass (performing simple optimizations).

6.16.1. Executing OPT_EXPR pass (perform const folding).
Optimizing module busmaster.

6.16.2. Executing OPT_MERGE pass (detect identical cells).
Finding identical cells in module `\busmaster'.
Removed a total of 0 cells.

6.16.3. Executing OPT_RMDFF pass (remove dff with constant values).

6.16.4. Executing OPT_CLEAN pass (remove unused cells and wires).
Finding unused cells or wires in module \busmaster..

6.16.5. Finished fast OPT passes.

6.17. Executing MEMORY pass.

6.17.1. Executing MEMORY_DFF pass (merging $dff cells to $memrd and $memwr).

6.17.2. Executing OPT_CLEAN pass (remove unused cells and wires).
Finding unused cells or wires in module \busmaster..

6.17.3. Executing MEMORY_SHARE pass (consolidating $memrd/$memwr cells).

6.17.4. Executing OPT_CLEAN pass (remove unused cells and wires).
Finding unused cells or wires in module \busmaster..

6.17.5. Executing MEMORY_COLLECT pass (generating $mem cells).

6.18. Executing OPT_CLEAN pass (remove unused cells and wires).
Finding unused cells or wires in module \busmaster..

6.19. Executing OPT pass (performing simple optimizations).

6.19.1. Executing OPT_EXPR pass (perform const folding).
Optimizing module busmaster.
<suppressed ~4 debug messages>

6.19.2. Executing OPT_MERGE pass (detect identical cells).
Finding identical cells in module `\busmaster'.
Removed a total of 0 cells.

6.19.3. Executing OPT_RMDFF pass (remove dff with constant values).
Removing $procdff$179 ($dff) from module busmaster.
Replaced 1 DFF cells.

6.19.4. Executing OPT_CLEAN pass (remove unused cells and wires).
Finding unused cells or wires in module \busmaster..
Removed 0 unused cells and 2 unused wires.
<suppressed ~1 debug messages>

6.19.5. Rerunning OPT passes. (Removed registers in this run.)

6.19.6. Executing OPT_EXPR pass (perform const folding).
Optimizing module busmaster.

6.19.7. Executing OPT_MERGE pass (detect identical cells).
Finding identical cells in module `\busmaster'.
Removed a total of 0 cells.

6.19.8. Executing OPT_RMDFF pass (remove dff with constant values).

6.19.9. Executing OPT_CLEAN pass (remove unused cells and wires).
Finding unused cells or wires in module \busmaster..

6.19.10. Finished fast OPT passes.

6.20. Executing MEMORY_MAP pass (converting $mem cells to logic and flip-flops).

6.21. Executing OPT pass (performing simple optimizations).

6.21.1. Executing OPT_EXPR pass (perform const folding).
Optimizing module busmaster.

6.21.2. Executing OPT_MERGE pass (detect identical cells).
Finding identical cells in module `\busmaster'.
Removed a total of 0 cells.

6.21.3. Executing OPT_MUXTREE pass (detect dead branches in mux trees).
Running muxtree optimizer on module \busmaster..
  Creating internal representation of mux trees.
  Evaluating internal representation of mux trees.
  Analyzing evaluation results.
Removed 0 multiplexer ports.
<suppressed ~5 debug messages>

6.21.4. Executing OPT_REDUCE pass (consolidate $*mux and $reduce_* inputs).
  Optimizing cells in module \busmaster.
Performed a total of 0 changes.

6.21.5. Executing OPT_MERGE pass (detect identical cells).
Finding identical cells in module `\busmaster'.
Removed a total of 0 cells.

6.21.6. Executing OPT_RMDFF pass (remove dff with constant values).

6.21.7. Executing OPT_CLEAN pass (remove unused cells and wires).
Finding unused cells or wires in module \busmaster..

6.21.8. Executing OPT_EXPR pass (perform const folding).
Optimizing module busmaster.

6.21.9. Finished OPT passes. (There is nothing left to do.)

6.22. Executing TECHMAP pass (map to technology primitives).

6.22.1. Executing Verilog-2005 frontend: <techmap.v>
Parsing Verilog input from `<techmap.v>' to AST representation.
Generating RTLIL representation for module `\_90_simplemap_bool_ops'.
Generating RTLIL representation for module `\_90_simplemap_reduce_ops'.
Generating RTLIL representation for module `\_90_simplemap_logic_ops'.
Generating RTLIL representation for module `\_90_simplemap_compare_ops'.
Generating RTLIL representation for module `\_90_simplemap_various'.
Generating RTLIL representation for module `\_90_simplemap_registers'.
Generating RTLIL representation for module `\_90_shift_ops_shr_shl_sshl_sshr'.
Generating RTLIL representation for module `\_90_shift_shiftx'.
Generating RTLIL representation for module `\_90_fa'.
Generating RTLIL representation for module `\_90_lcu'.
Generating RTLIL representation for module `\_90_alu'.
Generating RTLIL representation for module `\_90_macc'.
Generating RTLIL representation for module `\_90_alumacc'.
Generating RTLIL representation for module `\$__div_mod_u'.
Generating RTLIL representation for module `\$__div_mod'.
Generating RTLIL representation for module `\_90_div'.
Generating RTLIL representation for module `\_90_mod'.
Generating RTLIL representation for module `\_90_pow'.
Generating RTLIL representation for module `\_90_pmux'.
Generating RTLIL representation for module `\_90_lut'.
Successfully finished Verilog frontend.

6.22.2. Continuing TECHMAP pass.
Using extmapper simplemap for cells of type $not.
Using extmapper simplemap for cells of type $logic_not.
Using extmapper simplemap for cells of type $logic_and.
Using extmapper simplemap for cells of type $ne.
Using extmapper simplemap for cells of type $eq.
Using extmapper simplemap for cells of type $reduce_bool.
Using template $paramod\_90_alu\A_SIGNED=0\B_SIGNED=0\A_WIDTH=2\B_WIDTH=3\Y_WIDTH=3 for cells of type $alu.
Using extmapper simplemap for cells of type $or.
Using extmapper simplemap for cells of type $and.
Using extmapper simplemap for cells of type $mux.
Using extmapper simplemap for cells of type $reduce_or.
Using template $paramod\_90_alu\A_SIGNED=0\B_SIGNED=0\A_WIDTH=1\B_WIDTH=3\Y_WIDTH=3 for cells of type $alu.
Using extmapper simplemap for cells of type $reduce_and.
Using template $paramod\_90_alu\A_SIGNED=0\B_SIGNED=0\A_WIDTH=3\B_WIDTH=3\Y_WIDTH=3 for cells of type $alu.
Using extmapper simplemap for cells of type $dff.
Using extmapper simplemap for cells of type $xor.
Using template $paramod\_90_lcu\WIDTH=3 for cells of type $lcu.
Using extmapper simplemap for cells of type $pos.
No more expansions possible.
<suppressed ~259 debug messages>

6.23. Executing OPT pass (performing simple optimizations).

6.23.1. Executing OPT_EXPR pass (perform const folding).
Optimizing module busmaster.
<suppressed ~71 debug messages>

6.23.2. Executing OPT_MERGE pass (detect identical cells).
Finding identical cells in module `\busmaster'.
<suppressed ~75 debug messages>
Removed a total of 25 cells.

6.23.3. Executing OPT_RMDFF pass (remove dff with constant values).

6.23.4. Executing OPT_CLEAN pass (remove unused cells and wires).
Finding unused cells or wires in module \busmaster..
Removed 11 unused cells and 144 unused wires.
<suppressed ~12 debug messages>

6.23.5. Finished fast OPT passes.

6.24. Executing HIERARCHY pass (managing design hierarchy).

6.24.1. Analyzing design hierarchy..
Top module:  \busmaster

6.24.2. Analyzing design hierarchy..
Top module:  \busmaster
Removed 0 unused modules.

6.25. Printing statistics.

=== busmaster ===

   Number of wires:                 88
   Number of wire bits:            148
   Number of public wires:          18
   Number of public wire bits:      30
   Number of memories:               0
   Number of memory bits:            0
   Number of processes:              0
   Number of cells:                116
     $_AND_                         23
     $_DFF_P_                       13
     $_MUX_                         28
     $_NOT_                         16
     $_OR_                          26
     $_XOR_                         10

6.26. Executing CHECK pass (checking for obvious problems).
checking module busmaster..
found and reported 0 problems.

yosys> stat

7. Printing statistics.

=== busmaster ===

   Number of wires:                 88
   Number of wire bits:            148
   Number of public wires:          18
   Number of public wire bits:      30
   Number of memories:               0
   Number of memory bits:            0
   Number of processes:              0
   Number of cells:                116
     $_AND_                         23
     $_DFF_P_                       13
     $_MUX_                         28
     $_NOT_                         16
     $_OR_                          26
     $_XOR_                         10


yosys> techmap -map ./atf15xx_yosys/techmap.v -D skip_DFFE_XX_
8. Executing TECHMAP pass (map to technology primitives).

8.1. Executing Verilog-2005 frontend: ./atf15xx_yosys/techmap.v
Parsing Verilog input from `./atf15xx_yosys/techmap.v' to AST representation.
Generating RTLIL representation for module `\$_DLATCH_P_'.
Generating RTLIL representation for module `\$_DLATCH_N_'.
Generating RTLIL representation for module `\$_DLATCH_NN0_'.
Generating RTLIL representation for module `\$_DLATCH_NN1_'.
Generating RTLIL representation for module `\$_DLATCH_NP0_'.
Generating RTLIL representation for module `\$_DLATCH_NP1_'.
Generating RTLIL representation for module `\$_DLATCH_PN0_'.
Generating RTLIL representation for module `\$_DLATCH_PN1_'.
Generating RTLIL representation for module `\$_DLATCH_PP0_'.
Generating RTLIL representation for module `\$_DLATCH_PP1_'.
Generating RTLIL representation for module `\$_DLATCHSR_NNN_'.
Generating RTLIL representation for module `\$_DLATCHSR_NNP_'.
Generating RTLIL representation for module `\$_DLATCHSR_NPN_'.
Generating RTLIL representation for module `\$_DLATCHSR_NPP_'.
Generating RTLIL representation for module `\$_DLATCHSR_PNN_'.
Generating RTLIL representation for module `\$_DLATCHSR_PNP_'.
Generating RTLIL representation for module `\$_DLATCHSR_PPN_'.
Generating RTLIL representation for module `\$_DLATCHSR_PPP_'.
Generating RTLIL representation for module `\$_DFFE_NN0P_'.
Generating RTLIL representation for module `\$_DFFE_PP1P_'.
Generating RTLIL representation for module `\$_DFFSRE_PPPP_'.
Successfully finished Verilog frontend.

8.2. Continuing TECHMAP pass.
No more expansions possible.

yosys> stat

9. Printing statistics.

=== busmaster ===

   Number of wires:                 88
   Number of wire bits:            148
   Number of public wires:          18
   Number of public wire bits:      30
   Number of memories:               0
   Number of memory bits:            0
   Number of processes:              0
   Number of cells:                116
     $_AND_                         23
     $_DFF_P_                       13
     $_MUX_                         28
     $_NOT_                         16
     $_OR_                          26
     $_XOR_                         10


yosys> simplemap
10. Executing SIMPLEMAP pass (map simple cells to gate primitives).

yosys> stat

11. Printing statistics.

=== busmaster ===

   Number of wires:                 88
   Number of wire bits:            148
   Number of public wires:          18
   Number of public wire bits:      30
   Number of memories:               0
   Number of memory bits:            0
   Number of processes:              0
   Number of cells:                116
     $_AND_                         23
     $_DFF_P_                       13
     $_MUX_                         28
     $_NOT_                         16
     $_OR_                          26
     $_XOR_                         10


yosys> dfflibmap -liberty ./atf15xx_yosys/cells.lib
12. Executing DFFLIBMAP pass (mapping DFF cells to sequential cells from liberty file).
  cell DFF (noninv, pins=4, area=600.00) is a direct match for cell type $_DFF_P_.
  cell DFFAR (noninv, pins=5, area=600.00) is a direct match for cell type $_DFF_PP0_.
  cell DFFAS (noninv, pins=5, area=600.00) is a direct match for cell type $_DFF_PP1_.
  cell DFFARS (noninv, pins=6, area=600.00) is a direct match for cell type $_DFFSR_PPP_.
  create mapping for $_DFF_PN0_ from mapping for $_DFF_PP0_.
  create mapping for $_DFF_PN1_ from mapping for $_DFF_PP1_.
  create mapping for $_DFFSR_PNP_ from mapping for $_DFFSR_PPP_.
  create mapping for $_DFFSR_PNN_ from mapping for $_DFFSR_PNP_.
  create mapping for $_DFFSR_PPN_ from mapping for $_DFFSR_PNN_.
  create mapping for $_DFF_N_ from mapping for $_DFF_P_.
  create mapping for $_DFF_NN0_ from mapping for $_DFF_PN0_.
  create mapping for $_DFF_NP0_ from mapping for $_DFF_NN0_.
  create mapping for $_DFF_NN1_ from mapping for $_DFF_NN0_.
  create mapping for $_DFF_NP1_ from mapping for $_DFF_NN1_.
  create mapping for $_DFFSR_NNN_ from mapping for $_DFFSR_PNN_.
  create mapping for $_DFFSR_NPN_ from mapping for $_DFFSR_NNN_.
  create mapping for $_DFFSR_NNP_ from mapping for $_DFFSR_NNN_.
  create mapping for $_DFFSR_NPP_ from mapping for $_DFFSR_NNP_.
  final dff cell mappings:
    DFF _DFF_N_ (.CLK(~C), .D( D), .Q( Q), .QN(~Q));
    DFF _DFF_P_ (.CLK( C), .D( D), .Q( Q), .QN(~Q));
    DFFAR _DFF_NN0_ (.AR(~R), .CLK(~C), .D( D), .Q( Q), .QN(~Q));
    DFFAR _DFF_NN1_ (.AR(~R), .CLK(~C), .D(~D), .Q(~Q), .QN( Q));
    DFFAR _DFF_NP0_ (.AR( R), .CLK(~C), .D( D), .Q( Q), .QN(~Q));
    DFFAR _DFF_NP1_ (.AR( R), .CLK(~C), .D(~D), .Q(~Q), .QN( Q));
    DFFAR _DFF_PN0_ (.AR(~R), .CLK( C), .D( D), .Q( Q), .QN(~Q));
    DFFAS _DFF_PN1_ (.AS(~R), .CLK( C), .D( D), .Q( Q), .QN(~Q));
    DFFAR _DFF_PP0_ (.AR( R), .CLK( C), .D( D), .Q( Q), .QN(~Q));
    DFFAS _DFF_PP1_ (.AS( R), .CLK( C), .D( D), .Q( Q), .QN(~Q));
    DFFARS _DFFSR_NNN_ (.AR(~R), .AS(~S), .CLK(~C), .D( D), .Q( Q), .QN(~Q));
    DFFARS _DFFSR_NNP_ (.AR( R), .AS(~S), .CLK(~C), .D( D), .Q( Q), .QN(~Q));
    DFFARS _DFFSR_NPN_ (.AR(~R), .AS( S), .CLK(~C), .D( D), .Q( Q), .QN(~Q));
    DFFARS _DFFSR_NPP_ (.AR( R), .AS( S), .CLK(~C), .D( D), .Q( Q), .QN(~Q));
    DFFARS _DFFSR_PNN_ (.AR(~R), .AS(~S), .CLK( C), .D( D), .Q( Q), .QN(~Q));
    DFFARS _DFFSR_PNP_ (.AR( R), .AS(~S), .CLK( C), .D( D), .Q( Q), .QN(~Q));
    DFFARS _DFFSR_PPN_ (.AR(~R), .AS( S), .CLK( C), .D( D), .Q( Q), .QN(~Q));
    DFFARS _DFFSR_PPP_ (.AR( R), .AS( S), .CLK( C), .D( D), .Q( Q), .QN(~Q));
Mapping DFF cells in module `\busmaster':
  mapped 13 $_DFF_P_ cells to \DFF cells.

yosys> stat

13. Printing statistics.

=== busmaster ===

   Number of wires:                102
   Number of wire bits:            162
   Number of public wires:          18
   Number of public wire bits:      30
   Number of memories:               0
   Number of memory bits:            0
   Number of processes:              0
   Number of cells:                116
     $_AND_                         23
     $_MUX_                         28
     $_NOT_                         16
     $_OR_                          26
     $_XOR_                         10
     DFF                            13


yosys> abc -liberty ./atf15xx_yosys/cells.lib
14. Executing ABC pass (technology mapping using ABC).

14.1. Extracting gate netlist of module `\busmaster' to `<abc-temp-dir>/input.blif'..
Extracted 103 gates and 129 wires to a netlist network with 24 inputs and 14 outputs.

14.1.1. Executing ABC.
Running ABC command: berkeley-abc -s -f <abc-temp-dir>/abc.script 2>&1
ABC: ABC command line: "source <abc-temp-dir>/abc.script".
ABC: 
ABC: + read_blif <abc-temp-dir>/input.blif 
ABC: + read_lib -w /mnt/e/Hardware/Prism16/src/busmaster/./atf15xx_yosys/cells.lib 
ABC: Parsing finished successfully.  Parsing time =     0.00 sec
ABC: Warning: Templates are not defined.
ABC: Libery parser cannot read "time_unit".  Assuming   time_unit : "1ns".
ABC: Libery parser cannot read "capacitive_load_unit". Assuming   capacitive_load_unit(1, pf).
ABC: Scl_LibertyReadGenlib() skipped cell "bibuf" without logic function.
ABC: Scl_LibertyReadGenlib() skipped cell "TRI" without logic function.
ABC: Scl_LibertyReadGenlib() skipped sequential cell "DFFEARS".
ABC: Scl_LibertyReadGenlib() skipped sequential cell "DFF".
ABC: Scl_LibertyReadGenlib() skipped sequential cell "DFFE".
ABC: Scl_LibertyReadGenlib() skipped sequential cell "DFFAR".
ABC: Scl_LibertyReadGenlib() skipped sequential cell "DFFAS".
ABC: Scl_LibertyReadGenlib() skipped sequential cell "DFFARS".
ABC: Scl_LibertyReadGenlib() skipped sequential cell "LATCH".
ABC: Library "atf15xx" from "/mnt/e/Hardware/Prism16/src/busmaster/./atf15xx_yosys/cells.lib" has 93 cells (9 skipped: 7 seq; 0 tri-state; 2 no func; 0 dont_use).  Time =     0.00 sec
ABC: Memory =    0.11 MB. Time =     0.00 sec
ABC: + strash 
ABC: + ifraig 
ABC: + scorr 
ABC: Warning: The network is combinational (run "fraig" or "fraig_sweep").
ABC: + dc2 
ABC: + dretime 
ABC: + retime 
ABC: + strash 
ABC: + &get -n 
ABC: + &dch -f 
ABC: + &nf 
ABC: + &put 
ABC: + write_blif <abc-temp-dir>/output.blif 

14.1.2. Re-integrating ABC results.
ABC RESULTS:              AND2 cells:       11
ABC RESULTS:              AND3 cells:        1
ABC RESULTS:            AND3I1 cells:        1
ABC RESULTS:              AND4 cells:        1
ABC RESULTS:             NAND2 cells:        4
ABC RESULTS:           NAND2I1 cells:        3
ABC RESULTS:           NAND2I2 cells:       10
ABC RESULTS:             NAND3 cells:        1
ABC RESULTS:           NAND3I1 cells:        1
ABC RESULTS:             NAND4 cells:        2
ABC RESULTS:           NAND4I1 cells:        4
ABC RESULTS:           NAND4I2 cells:        2
ABC RESULTS:            NOR2I1 cells:        1
ABC RESULTS:        internal signals:       91
ABC RESULTS:           input signals:       24
ABC RESULTS:          output signals:       14
Removing temp directory.

yosys> stat

15. Printing statistics.

=== busmaster ===

   Number of wires:                168
   Number of wire bits:            228
   Number of public wires:          18
   Number of public wire bits:      30
   Number of memories:               0
   Number of memory bits:            0
   Number of processes:              0
   Number of cells:                 55
     AND2                           11
     AND3                            1
     AND3I1                          1
     AND4                            1
     DFF                            13
     NAND2                           4
     NAND2I1                         3
     NAND2I2                        10
     NAND3                           1
     NAND3I1                         1
     NAND4                           2
     NAND4I1                         4
     NAND4I2                         2
     NOR2I1                          1


yosys> #hilomap -hicell VCC X -locell GND X

yosys> #stat

yosys> iopadmap -bits -inpad INBUF Q:A -outpad BUF A:Q -toutpad TRI ENA:A:Q -tinoutpad bibuf EN:Q:A:PAD
16. Executing IOPADMAP pass (mapping inputs/outputs to IO-PAD cells).
Mapping port busmaster.dev using BUF.
Mapping port busmaster.ior using INBUF.
Mapping port busmaster.low_addr using INBUF.
Mapping port busmaster.mid_addr using INBUF.
Mapping port busmaster.phi0 using INBUF.
Mapping port busmaster.phi2 using BUF.
Mapping port busmaster.phi2_s using BUF.
Mapping port busmaster.ram0 using BUF.
Mapping port busmaster.ram1 using BUF.
Mapping port busmaster.rd using BUF.
Mapping port busmaster.rom using BUF.
Mapping port busmaster.rwb using INBUF.
Mapping port busmaster.up_addr using INBUF.
Mapping port busmaster.vda using INBUF.
Mapping port busmaster.wr using BUF.

yosys> stat

17. Printing statistics.

=== busmaster ===

   Number of wires:                183
   Number of wire bits:            255
   Number of public wires:          18
   Number of public wire bits:      30
   Number of memories:               0
   Number of memory bits:            0
   Number of processes:              0
   Number of cells:                 82
     AND2                           11
     AND3                            1
     AND3I1                          1
     AND4                            1
     BUF                            15
     DFF                            13
     INBUF                          12
     NAND2                           4
     NAND2I1                         3
     NAND2I2                        10
     NAND3                           1
     NAND3I1                         1
     NAND4                           2
     NAND4I1                         4
     NAND4I2                         2
     NOR2I1                          1


yosys> clean
Removed 0 unused cells and 94 unused wires.

yosys> stat

18. Printing statistics.

=== busmaster ===

   Number of wires:                 89
   Number of wire bits:            108
   Number of public wires:          17
   Number of public wire bits:      29
   Number of memories:               0
   Number of memory bits:            0
   Number of processes:              0
   Number of cells:                 82
     AND2                           11
     AND3                            1
     AND3I1                          1
     AND4                            1
     BUF                            15
     DFF                            13
     INBUF                          12
     NAND2                           4
     NAND2I1                         3
     NAND2I2                        10
     NAND3                           1
     NAND3I1                         1
     NAND4                           2
     NAND4I1                         4
     NAND4I2                         2
     NOR2I1                          1


yosys> hierarchy
19. Executing HIERARCHY pass (managing design hierarchy).

19.1. Analyzing design hierarchy..
Top module:  \busmaster

19.2. Analyzing design hierarchy..
Top module:  \busmaster
Removed 0 unused modules.

yosys> stat

20. Printing statistics.

=== busmaster ===

   Number of wires:                 89
   Number of wire bits:            108
   Number of public wires:          17
   Number of public wire bits:      29
   Number of memories:               0
   Number of memory bits:            0
   Number of processes:              0
   Number of cells:                 82
     AND2                           11
     AND3                            1
     AND3I1                          1
     AND4                            1
     BUF                            15
     DFF                            13
     INBUF                          12
     NAND2                           4
     NAND2I1                         3
     NAND2I2                        10
     NAND3                           1
     NAND3I1                         1
     NAND4                           2
     NAND4I1                         4
     NAND4I2                         2
     NOR2I1                          1


yosys> splitnets -format _
21. Executing SPLITNETS pass (splitting up multi-bit signals).

yosys> rename -wire -suffix _reg t:*DFF*

Syntax error in command `rename -wire -suffix _reg t:*DFF*':

    rename old_name new_name

Rename the specified object. Note that selection patterns are not supported
by this command.



    rename -output old_name new_name

Like above, but also make the wire an output. This will fail if the object is
not a wire.


    rename -src [selection]

Assign names auto-generated from the src attribute to all selected wires and
cells with private names.


    rename -wire [selection]

Assign auto-generated names based on the wires they drive to all selected
cells with private names. Ignores cells driving privatly named wires.


    rename -enumerate [-pattern <pattern>] [selection]

Assign short auto-generated names to all selected wires and cells with private
names. The -pattern option can be used to set the pattern for the new names.
The character % in the pattern is replaced with a integer number. The default
pattern is '_%_'.


    rename -hide [selection]

Assign private names (the ones with $-prefix) to all selected wires and cells
with public names. This ignores all selected ports.


    rename -top new_name

Rename top module.

ERROR: Command syntax error: Unknown option or option in arguments.
> rename -wire -suffix _reg t:*DFF*
>              ^

yosys> rename -wire -suffix _comb

Syntax error in command `rename -wire -suffix _comb':

    rename old_name new_name

Rename the specified object. Note that selection patterns are not supported
by this command.



    rename -output old_name new_name

Like above, but also make the wire an output. This will fail if the object is
not a wire.


    rename -src [selection]

Assign names auto-generated from the src attribute to all selected wires and
cells with private names.


    rename -wire [selection]

Assign auto-generated names based on the wires they drive to all selected
cells with private names. Ignores cells driving privatly named wires.


    rename -enumerate [-pattern <pattern>] [selection]

Assign short auto-generated names to all selected wires and cells with private
names. The -pattern option can be used to set the pattern for the new names.
The character % in the pattern is replaced with a integer number. The default
pattern is '_%_'.


    rename -hide [selection]

Assign private names (the ones with $-prefix) to all selected wires and cells
with public names. This ignores all selected ports.


    rename -top new_name

Rename top module.

ERROR: Command syntax error: Unknown option or option in arguments.
> rename -wire -suffix _comb
>              ^

yosys> #write_edif -attrprop busmaster.edif

yosys> write_edif busmaster.edif

22. Executing EDIF backend.

yosys> exit

Warnings: 6 unique messages, 6 total
End of script. Logfile hash: a678a04407
CPU: user 0.24s system 0.00s, MEM: 19.64 MB total, 13.70 MB resident
Yosys 0.9 (git sha1 1979e0b)
Time spent: 32% 1x share (0 sec), 13% 16x opt_clean (0 sec), ...
